<?xml version="1.0" encoding="UTF-8"?>
<!-- Generated by org.testng.reporters.JUnitReportReporter -->
<testsuite hostname="DESKTOP-BIT9U55" failures="0" tests="1" name="testNGAssert.HardAssert" time="0.012" errors="0" timestamp="2023-07-03T21:22:36 ICT" skipped="0">
  <testcase classname="testNGAssert.HardAssert" name="TC_01" time="0.012"/>
  <system-out/>
</testsuite> <!-- testNGAssert.HardAssert -->
