<?xml version="1.0" encoding="UTF-8"?>
<!-- Generated by org.testng.reporters.JUnitReportReporter -->
<testsuite hostname="DESKTOP-BIT9U55" failures="0" tests="4" name="com.techpanda.account.Level_9" time="4.722" errors="0" timestamp="2023-07-30T21:54:40 ICT" skipped="0">
  <testcase classname="com.techpanda.account.Level_9" name="TC_02" time="1.190"/>
  <system-out/>
  <testcase classname="com.techpanda.account.Level_9" name="TC_02" time="1.066"/>
  <system-out/>
  <testcase classname="com.techpanda.account.Level_9" name="TC_01" time="1.207"/>
  <system-out/>
  <testcase classname="com.techpanda.account.Level_9" name="TC_01" time="1.259"/>
  <system-out/>
</testsuite> <!-- com.techpanda.account.Level_9 -->
