<?xml version="1.0" encoding="UTF-8"?>
<!-- Generated by org.testng.reporters.JUnitReportReporter -->
<testsuite hostname="DESKTOP-BIT9U55" failures="0" tests="2" name="com.techpanda.account.Level_7" time="2.431" errors="0" timestamp="2023-07-16T21:18:10 ICT" skipped="0">
  <testcase classname="com.techpanda.account.Level_7" name="TC_01" time="1.204"/>
  <system-out>
    <![CDATA[[INFO ] [2023-07-16 21:18:01,574] Login_01 - step 01: Click to my account link
<br>
[INFO ] [2023-07-16 21:18:02,367] Login_01 - step 02: enter to email address textbox with empty data
<br>
[INFO ] [2023-07-16 21:18:02,508] Login_01 - step 03: enter to password textbox with empty data
<br>
[INFO ] [2023-07-16 21:18:02,595] Login_01 - step 04: click to login button
<br>
[INFO ] [2023-07-16 21:18:02,671] Login_01 - step 05: verify error message is displayed
<br>]]>
  </system-out>
  <testcase classname="com.techpanda.account.Level_7" name="TC_01" time="1.227"/>
  <system-out>
    <![CDATA[[INFO ] [2023-07-16 21:18:08,889] Login_01 - step 01: Click to my account link
<br>
[INFO ] [2023-07-16 21:18:09,738] Login_01 - step 02: enter to email address textbox with empty data
<br>
[INFO ] [2023-07-16 21:18:09,772] Login_01 - step 03: enter to password textbox with empty data
<br>
[INFO ] [2023-07-16 21:18:09,809] Login_01 - step 04: click to login button
<br>
[INFO ] [2023-07-16 21:18:10,063] Login_01 - step 05: verify error message is displayed
<br>]]>
  </system-out>
</testsuite> <!-- com.techpanda.account.Level_7 -->
